<?xml version="1.0" encoding="utf-8" standalone="no"?>
<test-results xmlns:xsi="http://www.w3.org/2001/XMLSchema-instance" xsi:noNamespaceSchemaLocation="nunit_schema_2.5.xsd" name="Pester" total="12" errors="0" failures="0" not-run="0" inconclusive="0" ignored="0" skipped="0" invalid="0" date="2020-02-11" time="03:28:09">
  <environment clr-version="4.0.30319.42000" user-domain="APPVYR-WIN" cwd="C:\projects\AzureStackHCIJumpstart" platform="Microsoft Windows Server 2016 Datacenter|C:\Windows|\Device\Harddisk0\Partition4" machine-name="APPVYR-WIN" nunit-version="2.5.8.0" os-version="10.0.14393" user="appveyor" />
  <culture-info current-culture="en-US" current-uiculture="en-US" />
  <test-suite type="TestFixture" name="Pester" executed="True" result="Success" success="True" time="3.6699" asserts="0" description="Pester">
    <results>
      <test-suite type="TestFixture" name="C:\projects\AzureStackHCIJumpstart\tests\build\unit\unit.build.tests.ps1" executed="True" result="Success" success="True" time="3.6699" asserts="0" description="C:\projects\AzureStackHCIJumpstart\tests\build\unit\unit.build.tests.ps1">
        <results>
          <test-suite type="TestFixture" name="AzureStackHCIJumpstart-Manifest" executed="True" result="Success" success="True" time="3.4883" asserts="0" description="AzureStackHCIJumpstart-Manifest">
            <results>
              <test-suite type="TestFixture" name="Manifest-Validation" executed="True" result="Success" success="True" time="0.7045" asserts="0" description="Manifest-Validation">
                <results>
                  <test-case description="[Import-PowerShellDataFile] - AzureStackHCIJumpstart.psd1 is a valid PowerShell Data File" name="AzureStackHCIJumpstart-Manifest.Manifest-Validation.[Import-PowerShellDataFile] - AzureStackHCIJumpstart.psd1 is a valid PowerShell Data File" time="0.2522" asserts="0" success="True" result="Success" executed="True" />
                  <test-case description="[Test-ModuleManifest] - AzureStackHCIJumpstart.psd1 should not be empty" name="AzureStackHCIJumpstart-Manifest.Manifest-Validation.[Test-ModuleManifest] - AzureStackHCIJumpstart.psd1 should not be empty" time="0.0074" asserts="0" success="True" result="Success" executed="True" />
                </results>
              </test-suite>
              <test-suite type="TestFixture" name="Required Modules" executed="True" result="Success" success="True" time="2.1525" asserts="0" description="Required Modules">
                <results>
                  <test-case description="Should contain the Pester Module" name="AzureStackHCIJumpstart-Manifest.Required Modules.Should contain the Pester Module" time="0.1162" asserts="0" success="True" result="Success" executed="True" />
                  <test-case description="The Pester module should be available in the PowerShell gallery" name="AzureStackHCIJumpstart-Manifest.Required Modules.The Pester module should be available in the PowerShell gallery" time="0.0068" asserts="0" success="True" result="Success" executed="True" />
                </results>
              </test-suite>
              <test-suite type="TestFixture" name="ExportedContent" executed="True" result="Success" success="True" time="0.1887" asserts="0" description="ExportedContent">
                <results>
                  <test-case description="Should have the BaseVHDX param" name="AzureStackHCIJumpstart-Manifest.ExportedContent.Should have the BaseVHDX param" time="0.0915" asserts="0" success="True" result="Success" executed="True" />
                  <test-case description="Should have the ServerISO param" name="AzureStackHCIJumpstart-Manifest.ExportedContent.Should have the ServerISO param" time="0.0034" asserts="0" success="True" result="Success" executed="True" />
                  <test-case description="Should have the AzureStackHCIJumpstart function available" name="AzureStackHCIJumpstart-Manifest.ExportedContent.Should have the AzureStackHCIJumpstart function available" time="0.0046" asserts="0" success="True" result="Success" executed="True" />
                  <test-case description="Should have the AzureStackHCIJumpstart function available" name="AzureStackHCIJumpstart-Manifest.ExportedContent.Should have the AzureStackHCIJumpstart function available" time="0.0024" asserts="0" success="True" result="Success" executed="True" />
                  <test-case description="Should have the AzureStackHCIJumpstart function available" name="AzureStackHCIJumpstart-Manifest.ExportedContent.Should have the AzureStackHCIJumpstart function available" time="0.0023" asserts="0" success="True" result="Success" executed="True" />
                  <test-case description="Should have the AzureStackHCIJumpstart function available" name="AzureStackHCIJumpstart-Manifest.ExportedContent.Should have the AzureStackHCIJumpstart function available" time="0.0022" asserts="0" success="True" result="Success" executed="True" />
                  <test-case description="Should have the AzureStackHCIJumpstart function available" name="AzureStackHCIJumpstart-Manifest.ExportedContent.Should have the AzureStackHCIJumpstart function available" time="0.0024" asserts="0" success="True" result="Success" executed="True" />
                  <test-case description="Should have the AzureStackHCIJumpstart function available" name="AzureStackHCIJumpstart-Manifest.ExportedContent.Should have the AzureStackHCIJumpstart function available" time="0.0027" asserts="0" success="True" result="Success" executed="True" />
                </results>
              </test-suite>
            </results>
          </test-suite>
        </results>
      </test-suite>
    </results>
  </test-suite>
</test-results>